<?xml version="1.0" encoding="UTF-8"?>
<!-- Generated by org.testng.reporters.JUnitReportReporter -->
<testsuite hostname="LAPTOP-E5NCT7NC" failures="0" tests="1" name="com.crm.qa.testcases.LoginPage" time="0.000" errors="0" timestamp="2022-04-20T03:37:26 IST" skipped="1">
  <testcase classname="com.crm.qa.testcases.LoginPage" name="logintest" time="0.000">
    <skipped/>
  </testcase> <!-- logintest -->
  <system-out/>
</testsuite> <!-- com.crm.qa.testcases.LoginPage -->
