<?xml version="1.0" encoding="UTF-8"?>
<!-- Generated by org.testng.reporters.JUnitReportReporter -->
<testsuite hostname="LAPTOP-E5NCT7NC" failures="0" tests="1" name="qsp.TimeTrackReportedTimeAddManagerRemoveManager" time="86.532" errors="0" timestamp="2022-04-04T13:06:40 IST" skipped="0">
  <testcase classname="qsp.TimeTrackReportedTimeAddManagerRemoveManager" name="timeTrackReportedTimeAddManagerRemoveManager" time="86.532"/>
  <system-out/>
</testsuite> <!-- qsp.TimeTrackReportedTimeAddManagerRemoveManager -->
