<?xml version="1.0" encoding="UTF-8"?>
<!-- Generated by org.testng.reporters.JUnitReportReporter -->
<testsuite hostname="LAPTOP-E5NCT7NC" failures="0" tests="1" name="qsp.TimeTrackReportedDetailsSetDeadline" time="103.552" errors="0" timestamp="2022-04-04T13:34:10 IST" skipped="0">
  <testcase classname="qsp.TimeTrackReportedDetailsSetDeadline" name="timeTrackReportedDetailsStatus" time="103.552"/>
  <system-out/>
</testsuite> <!-- qsp.TimeTrackReportedDetailsSetDeadline -->
