<?xml version="1.0" encoding="UTF-8"?>
<!-- Generated by org.testng.reporters.JUnitReportReporter -->
<testsuite hostname="LAPTOP-E5NCT7NC" failures="0" tests="1" name="qsp.UsersNewUserAccountSetting" time="131.161" errors="0" timestamp="2022-04-04T20:34:10 IST" skipped="0">
  <testcase classname="qsp.UsersNewUserAccountSetting" name="usersNewUserAccountSetting" time="131.161"/>
  <system-out/>
</testsuite> <!-- qsp.UsersNewUserAccountSetting -->
