<?xml version="1.0" encoding="UTF-8"?>
<!-- Generated by org.testng.reporters.JUnitReportReporter -->
<testsuite hostname="LAPTOP-E5NCT7NC" failures="0" tests="1" name="qsp.ReportsProfitLoss" time="165.379" errors="0" timestamp="2022-04-04T19:44:17 IST" skipped="0">
  <testcase classname="qsp.ReportsProfitLoss" name="reportsProfitLoss" time="165.379"/>
  <system-out/>
</testsuite> <!-- qsp.ReportsProfitLoss -->
