<?xml version="1.0" encoding="UTF-8"?>
<!-- Generated by org.testng.reporters.JUnitReportReporter -->
<testsuite hostname="LAPTOP-E5NCT7NC" failures="0" tests="1" name="qsp.ReportsNewReportStaffPerformance" time="186.689" errors="0" timestamp="2022-04-04T17:55:03 IST" skipped="0">
  <testcase classname="qsp.ReportsNewReportStaffPerformance" name="reportsNewReportStaffPerformance" time="186.689"/>
  <system-out/>
</testsuite> <!-- qsp.ReportsNewReportStaffPerformance -->
