<?xml version="1.0" encoding="UTF-8"?>
<!-- Generated by org.testng.reporters.JUnitReportReporter -->
<testsuite hostname="LAPTOP-E5NCT7NC" failures="0" tests="1" name="qsp.ReportInvoiceExport" time="156.781" errors="0" timestamp="2022-04-04T19:34:32 IST" skipped="0">
  <testcase classname="qsp.ReportInvoiceExport" name="reportInvoiceExport" time="156.781"/>
  <system-out/>
</testsuite> <!-- qsp.ReportInvoiceExport -->
