<?xml version="1.0" encoding="UTF-8"?>
<!-- Generated by org.testng.reporters.JUnitReportReporter -->
<testsuite hostname="LAPTOP-E5NCT7NC" failures="0" tests="1" name="qsp.ReportsDelete" time="105.650" errors="0" timestamp="2022-04-04T16:48:59 IST" skipped="0">
  <testcase classname="qsp.ReportsDelete" name="reportsCopyTo" time="105.650"/>
  <system-out/>
</testsuite> <!-- qsp.ReportsDelete -->
