<?xml version="1.0" encoding="UTF-8"?>
<!-- Generated by org.testng.reporters.JUnitReportReporter -->
<testsuite hostname="LAPTOP-E5NCT7NC" failures="0" tests="1" name="qsp.ReportsBillingSummery" time="258.496" errors="0" timestamp="2022-04-04T19:23:37 IST" skipped="0">
  <testcase classname="qsp.ReportsBillingSummery" name="reportsBillingSummery" time="258.496"/>
  <system-out/>
</testsuite> <!-- qsp.ReportsBillingSummery -->
