<?xml version="1.0" encoding="UTF-8"?>
<!-- Generated by org.testng.reporters.JUnitReportReporter -->
<testsuite hostname="LAPTOP-E5NCT7NC" failures="0" tests="1" name="qsp.TimeTrackReportedDetailsStatus" time="119.929" errors="0" timestamp="2022-04-04T12:48:03 IST" skipped="0">
  <testcase classname="qsp.TimeTrackReportedDetailsStatus" name="timeTrackReportedDetailsStatus" time="119.929"/>
  <system-out/>
</testsuite> <!-- qsp.TimeTrackReportedDetailsStatus -->
