<?xml version="1.0" encoding="UTF-8"?>
<!-- Generated by org.testng.reporters.JUnitReportReporter -->
<testsuite hostname="LAPTOP-E5NCT7NC" failures="0" tests="1" name="qsp.ReportsCreateChart" time="181.474" errors="0" timestamp="2022-04-04T15:23:58 IST" skipped="0">
  <testcase classname="qsp.ReportsCreateChart" name="reportsCreateChart" time="181.474"/>
  <system-out/>
</testsuite> <!-- qsp.ReportsCreateChart -->
