<?xml version="1.0" encoding="UTF-8"?>
<!-- Generated by org.testng.reporters.JUnitReportReporter -->
<testsuite hostname="LAPTOP-E5NCT7NC" failures="0" tests="1" name="qsp.JavascriptPop" time="31.751" errors="0" timestamp="2022-04-03T18:59:17 IST" skipped="0">
  <testcase classname="qsp.JavascriptPop" name="Popup" time="31.751"/>
  <system-out/>
</testsuite> <!-- qsp.JavascriptPop -->
