<?xml version="1.0" encoding="UTF-8"?>
<!-- Generated by org.testng.reporters.JUnitReportReporter -->
<testsuite hostname="LAPTOP-E5NCT7NC" failures="0" tests="1" name="qsp.ReportsEstimatedVsActualTime" time="42.299" errors="0" timestamp="2022-04-04T18:27:52 IST" skipped="0">
  <testcase classname="qsp.ReportsEstimatedVsActualTime" name="reportsEstimatedVsActualTime" time="42.299"/>
  <system-out/>
</testsuite> <!-- qsp.ReportsEstimatedVsActualTime -->
