<?xml version="1.0" encoding="UTF-8"?>
<!-- Generated by org.testng.reporters.JUnitReportReporter -->
<testsuite hostname="LAPTOP-E5NCT7NC" failures="0" tests="1" name="qsp.TimeTrackReportedTime" time="19.206" errors="0" timestamp="2022-04-04T11:32:20 IST" skipped="0">
  <testcase classname="qsp.TimeTrackReportedTime" name="timeTrackReportedTime" time="19.206"/>
  <system-out/>
</testsuite> <!-- qsp.TimeTrackReportedTime -->
