<?xml version="1.0" encoding="UTF-8"?>
<!-- Generated by org.testng.reporters.JUnitReportReporter -->
<testsuite hostname="LAPTOP-E5NCT7NC" failures="0" tests="1" name="qsp.ReportsCopyTo" time="162.804" errors="0" timestamp="2022-04-04T16:35:30 IST" skipped="0">
  <testcase classname="qsp.ReportsCopyTo" name="reportsCopyTo" time="162.804"/>
  <system-out/>
</testsuite> <!-- qsp.ReportsCopyTo -->
