<?xml version="1.0" encoding="UTF-8"?>
<!-- Generated by org.testng.reporters.JUnitReportReporter -->
<testsuite hostname="LAPTOP-E5NCT7NC" failures="0" tests="1" name="qsp.NotificationPop" time="17.389" errors="0" timestamp="2022-04-03T19:55:25 IST" skipped="0">
  <testcase classname="qsp.NotificationPop" name="notification" time="17.389"/>
  <system-out/>
</testsuite> <!-- qsp.NotificationPop -->
