<?xml version="1.0" encoding="UTF-8"?>
<!-- Generated by org.testng.reporters.JUnitReportReporter -->
<testsuite hostname="LAPTOP-E5NCT7NC" failures="0" tests="1" name="qsp.ReportsCostOfWork" time="170.695" errors="0" timestamp="2022-04-04T19:39:42 IST" skipped="0">
  <testcase classname="qsp.ReportsCostOfWork" name="reportsCostOfWork" time="170.695"/>
  <system-out/>
</testsuite> <!-- qsp.ReportsCostOfWork -->
