<?xml version="1.0" encoding="UTF-8"?>
<!-- Generated by org.testng.reporters.JUnitReportReporter -->
<testsuite hostname="LAPTOP-E5NCT7NC" failures="0" tests="1" name="qsp.ChildbrowerPopUp" time="18.462" errors="0" timestamp="2022-04-03T20:57:00 IST" skipped="0">
  <testcase classname="qsp.ChildbrowerPopUp" name="childbrower" time="18.462"/>
  <system-out/>
</testsuite> <!-- qsp.ChildbrowerPopUp -->
