<?xml version="1.0" encoding="UTF-8"?>
<!-- Generated by org.testng.reporters.JUnitReportReporter -->
<testsuite hostname="LAPTOP-E5NCT7NC" failures="0" tests="1" name="qsp.FileDown" time="7.749" errors="0" timestamp="2022-04-04T00:12:02 IST" skipped="0">
  <testcase classname="qsp.FileDown" name="fileDown" time="7.749"/>
  <system-out/>
</testsuite> <!-- qsp.FileDown -->
