<?xml version="1.0" encoding="UTF-8"?>
<!-- Generated by org.testng.reporters.JUnitReportReporter -->
<testsuite hostname="LAPTOP-E5NCT7NC" failures="0" tests="1" name="qsp.FileUpl" time="2.835" errors="0" timestamp="2022-04-03T23:27:23 IST" skipped="0">
  <testcase classname="qsp.FileUpl" name="fileUpl" time="2.835"/>
  <system-out/>
</testsuite> <!-- qsp.FileUpl -->
