<?xml version="1.0" encoding="UTF-8"?>
<!-- Generated by org.testng.reporters.JUnitReportReporter -->
<testsuite hostname="LAPTOP-E5NCT7NC" failures="0" tests="1" name="qsp.PrintP" time="7.422" errors="0" timestamp="2022-04-03T22:55:42 IST" skipped="0">
  <testcase classname="qsp.PrintP" name="printp" time="7.422"/>
  <system-out/>
</testsuite> <!-- qsp.PrintP -->
