<?xml version="1.0" encoding="UTF-8"?>
<!-- Generated by org.testng.reporters.JUnitReportReporter -->
<testsuite hostname="LAPTOP-E5NCT7NC" failures="0" tests="1" name="qsp.ReportTimeTrackDetails" time="125.688" errors="0" timestamp="2022-04-04T18:23:15 IST" skipped="0">
  <testcase classname="qsp.ReportTimeTrackDetails" name="reportTimeTrackDetails" time="125.688"/>
  <system-out/>
</testsuite> <!-- qsp.ReportTimeTrackDetails -->
