<?xml version="1.0" encoding="UTF-8"?>
<!-- Generated by org.testng.reporters.JUnitReportReporter -->
<testsuite hostname="LAPTOP-E5NCT7NC" failures="0" tests="1" name="qsp.ReportLeaveTimeAndBalances" time="84.884" errors="0" timestamp="2022-04-04T18:12:26 IST" skipped="0">
  <testcase classname="qsp.ReportLeaveTimeAndBalances" name="reportLeaveTimeAndBalances" time="84.884"/>
  <system-out/>
</testsuite> <!-- qsp.ReportLeaveTimeAndBalances -->
