<?xml version="1.0" encoding="UTF-8"?>
<!-- Generated by org.testng.reporters.JUnitReportReporter -->
<testsuite hostname="LAPTOP-E5NCT7NC" failures="0" tests="1" name="qsp.ReportTimeBalanceAndOvertime" time="51.880" errors="0" timestamp="2022-04-04T18:03:03 IST" skipped="0">
  <testcase classname="qsp.ReportTimeBalanceAndOvertime" name="reportTimeBalanceAndOvertime" time="51.880"/>
  <system-out/>
</testsuite> <!-- qsp.ReportTimeBalanceAndOvertime -->
