<?xml version="1.0" encoding="UTF-8"?>
<!-- Generated by org.testng.reporters.JUnitReportReporter -->
<testsuite hostname="LAPTOP-E5NCT7NC" failures="0" tests="1" name="qsp.TimetrackMeClickDropdown" time="145.629" errors="0" timestamp="2022-04-04T13:18:00 IST" skipped="0">
  <testcase classname="qsp.TimetrackMeClickDropdown" name="timetrackMeClickDropdown" time="145.629"/>
  <system-out/>
</testsuite> <!-- qsp.TimetrackMeClickDropdown -->
