<?xml version="1.0" encoding="UTF-8"?>
<!-- Generated by org.testng.reporters.JUnitReportReporter -->
<testsuite hostname="LAPTOP-E5NCT7NC" failures="0" tests="1" name="qsp.TimeTrackReportedTimeAddManager" time="63.086" errors="0" timestamp="2022-04-04T12:13:24 IST" skipped="0">
  <testcase classname="qsp.TimeTrackReportedTimeAddManager" name="timeTrackReportedTimeAddManager" time="63.086"/>
  <system-out/>
</testsuite> <!-- qsp.TimeTrackReportedTimeAddManager -->
